<?xml version="1.0" encoding="UTF-8"?>
<!-- Generated by org.testng.reporters.JUnitXMLReporter -->
<testsuite hostname="dancobygro0020" name="Test1" tests="6" failures="0" timestamp="2 Nov 2015 11:43:34 GMT" time="14.145" errors="0">
  <testcase name="testUntitled" time="2.812" classname="denis_trening.LoginTest"/>
  <testcase name="testUntitled" time="0.422" classname="denis_trening.OpenAddWindow"/>
  <testcase name="testUntitled" time="2.594" classname="denis_trening.InsertInvalidData"/>
  <testcase name="testUntitled" time="0.475" classname="denis_trening.InsertValidData"/>
  <testcase name="testUntitled" time="1.898" classname="denis_trening.DeleteFilm"/>
  <testcase name="testUntitled" time="0.0" classname="denis_trening.Logout"/>
</testsuite> <!-- Test1 -->
