<?xml version="1.0" encoding="UTF-8"?>
<!-- Generated by org.testng.reporters.JUnitXMLReporter -->
<testsuite hostname="dancobygro0020" name="Default test" tests="6" failures="0" timestamp="2 Nov 2015 13:27:06 GMT" time="15.231" errors="0">
  <testcase name="login" time="2.635" classname="denis_trening.AddRemoveFilm"/>
  <testcase name="openPageOfAddFilm" time="0.735" classname="denis_trening.AddRemoveFilm"/>
  <testcase name="insertInvalidData" time="2.708" classname="denis_trening.AddRemoveFilm"/>
  <testcase name="insertValidData" time="1.702" classname="denis_trening.AddRemoveFilm"/>
  <testcase name="deleteFilm" time="1.493" classname="denis_trening.AddRemoveFilm"/>
  <testcase name="logout" time="0.821" classname="denis_trening.AddRemoveFilm"/>
</testsuite> <!-- Default test -->
