<?xml version="1.0" encoding="UTF-8"?>
<!-- Generated by org.testng.reporters.JUnitXMLReporter -->
<testsuite hostname="dancobygro0020" name="Test001_CheckSearchNotFound" tests="3" failures="0" timestamp="5 Nov 2015 13:35:25 GMT" time="2.61" errors="0">
  <testcase name="openPageOfAddFilm" time="1.379" classname="denis.trening.AddFilmValid"/>
  <testcase name="insertValidData" time="0.729" classname="denis.trening.AddFilmValid"/>
  <testcase name="checkOfAdding" time="0.448" classname="denis.trening.AddFilmValid"/>
</testsuite> <!-- Test001_CheckSearchNotFound -->
