<?xml version="1.0" encoding="UTF-8"?>
<!-- Generated by org.testng.reporters.JUnitXMLReporter -->
<testsuite hostname="AdminPC" name="Test000_Login" tests="1" failures="1" timestamp="9 Nov 2015 19:20:25 GMT" time="16.526" errors="0">
  <testcase name="testUntitled" time="6.486" classname="denis.trening.AddFilmValid">
    <failure type="java.lang.AssertionError">
      <![CDATA[java.lang.AssertionError
	at denis.trening.AddFilmValid.testUntitled(AddFilmValid.java:19)
... Removed 24 stack frames]]>
    </failure>
  </testcase> <!-- testUntitled -->
</testsuite> <!-- Test000_Login -->
