<?xml version="1.0" encoding="UTF-8"?>
<!-- Generated by org.testng.reporters.JUnitXMLReporter -->
<testsuite hostname="dancobygro0020" name="Test002_AddFilmInvalidData" tests="4" failures="2" timestamp="5 Nov 2015 13:16:07 GMT" time="2.213" errors="0">
  <testcase name="openPageOfAddFilm" time="0.743" classname="denis.trening.AddFilmInvalid"/>
  <testcase name="insertEpmtyField" time="0.413" classname="denis.trening.AddFilmInvalid">
    <failure type="java.lang.AssertionError">
      <![CDATA[java.lang.AssertionError
	at denis.trening.AddFilmInvalid.insertEpmtyField(AddFilmInvalid.java:80)
... Removed 24 stack frames]]>
    </failure>
  </testcase> <!-- insertEpmtyField -->
  <testcase name="insertInvalidData" time="0.52" classname="denis.trening.AddFilmInvalid">
    <failure type="java.lang.AssertionError">
      <![CDATA[java.lang.AssertionError
	at denis.trening.AddFilmInvalid.insertInvalidData(AddFilmInvalid.java:64)
... Removed 24 stack frames]]>
    </failure>
  </testcase> <!-- insertInvalidData -->
  <testcase name="checkOfAdding" time="0.522" classname="denis.trening.AddFilmInvalid"/>
</testsuite> <!-- Test002_AddFilmInvalidData -->
