<?xml version="1.0" encoding="UTF-8"?>
<!-- Generated by org.testng.reporters.JUnitXMLReporter -->
<testsuite hostname="dancobygro0020" name="Test001_CheckSearchPositive" tests="3" failures="0" timestamp="5 Nov 2015 13:24:15 GMT" time="3.286" errors="0">
  <testcase name="openPageOfAddFilm" time="1.507" classname="denis.trening.AddFilmValid"/>
  <testcase name="insertValidData" time="0.798" classname="denis.trening.AddFilmValid"/>
  <testcase name="checkOfAdding" time="0.943" classname="denis.trening.AddFilmValid"/>
</testsuite> <!-- Test001_CheckSearchPositive -->
