<?xml version="1.0" encoding="UTF-8"?>
<!-- Generated by org.testng.reporters.JUnitXMLReporter -->
<testsuite hostname="dancobygro0020" name="Test004_DeleteFilm" tests="3" failures="0" timestamp="4 Nov 2015 07:50:36 GMT" time="2.532" errors="0">
  <testcase name="login" time="0.873" classname="denis.trening.DeleteFilm"/>
  <testcase name="deleteFilm" time="0.921" classname="denis.trening.DeleteFilm"/>
  <testcase name="logout" time="0.491" classname="denis.trening.DeleteFilm"/>
</testsuite> <!-- Test004_DeleteFilm -->
