<?xml version="1.0" encoding="UTF-8"?>
<!-- Generated by org.testng.reporters.JUnitXMLReporter -->
<testsuite hostname="dancobygro0020" name="Test002_CheckSearchAreFound" tests="3" failures="0" timestamp="6 Nov 2015 08:04:24 GMT" time="0.934" errors="0">
  <testcase name="checkOfExistingName" time="0.856" classname="denis.trening.CheckSearchAreFound"/>
  <testcase name="search" time="0.036" classname="denis.trening.CheckSearchAreFound"/>
  <testcase name="checkAmount" time="0.025" classname="denis.trening.CheckSearchAreFound"/>
</testsuite> <!-- Test002_CheckSearchAreFound -->
