<?xml version="1.0" encoding="UTF-8"?>
<!-- Generated by org.testng.reporters.JUnitXMLReporter -->
<testsuite hostname="dancobygro0020" name="Test003_AddFilmInvalidData" tests="4" failures="0" timestamp="4 Nov 2015 07:48:58 GMT" time="3.368" errors="0">
  <testcase name="login" time="0.888" classname="denis.trening.AddFilmInvalid"/>
  <testcase name="openPageOfAddFilm" time="0.632" classname="denis.trening.AddFilmInvalid"/>
  <testcase name="insertInvalidData" time="0.806" classname="denis.trening.AddFilmInvalid"/>
  <testcase name="logout" time="0.803" classname="denis.trening.AddFilmInvalid"/>
</testsuite> <!-- Test003_AddFilmInvalidData -->
