<?xml version="1.0" encoding="UTF-8"?>
<!-- Generated by org.testng.reporters.JUnitXMLReporter -->
<testsuite hostname="dancobygro0020" name="Test000_Login" tests="1" failures="1" timestamp="9 Nov 2015 14:37:20 GMT" time="10.661" errors="0">
  <testcase name="testUntitled" time="4.007" classname="denis.trening.AddFilmValid">
    <failure type="java.lang.NullPointerException">
      <![CDATA[java.lang.NullPointerException
	at denis.trening.pages.InternalPage.readAllFilmsName(InternalPage.java:85)
	at denis.trening.applogic2.FilmHelper2.isFilmAdded(FilmHelper2.java:35)
	at denis.trening.AddFilmValid.testUntitled(AddFilmValid.java:24)
... Removed 24 stack frames]]>
    </failure>
  </testcase> <!-- testUntitled -->
</testsuite> <!-- Test000_Login -->
