<?xml version="1.0" encoding="UTF-8"?>
<testng-results skipped="0" failed="0" total="1" passed="1">
  <reporter-output>
  </reporter-output>
  <suite name="Tests" duration-ms="13314" started-at="2015-10-25T10:56:50Z" finished-at="2015-10-25T10:57:04Z">
    <groups>
    </groups>
    <test name="Test1" duration-ms="13314" started-at="2015-10-25T10:56:50Z" finished-at="2015-10-25T10:57:04Z">
      <class name="denis_trening.LoginTest">
        <test-method status="PASS" signature="init()[pri:0, instance:denis_trening.LoginTest@1ba5a14]" name="init" is-config="true" duration-ms="8852" started-at="2015-10-25T12:56:50Z" finished-at="2015-10-25T12:56:59Z">
          <reporter-output>
          </reporter-output>
        </test-method> <!-- init -->
        <test-method status="PASS" signature="testUntitled()[pri:0, instance:denis_trening.LoginTest@1ba5a14]" name="testUntitled" duration-ms="4452" started-at="2015-10-25T12:56:59Z" finished-at="2015-10-25T12:57:04Z">
          <reporter-output>
          </reporter-output>
        </test-method> <!-- testUntitled -->
        <test-method status="PASS" signature="tearDown()[pri:0, instance:denis_trening.LoginTest@1ba5a14]" name="tearDown" is-config="true" duration-ms="1474" started-at="2015-10-25T12:57:04Z" finished-at="2015-10-25T12:57:05Z">
          <reporter-output>
          </reporter-output>
        </test-method> <!-- tearDown -->
      </class> <!-- denis_trening.LoginTest -->
    </test> <!-- Test1 -->
  </suite> <!-- Tests -->
</testng-results>
