<?xml version="1.0" encoding="UTF-8"?>
<!-- Generated by org.testng.reporters.JUnitXMLReporter -->
<testsuite hostname="dancobygro0020" name="AutoQA" tests="6" failures="0" timestamp="2 Nov 2015 11:16:25 GMT" time="14.15" errors="0">
  <testcase name="testUntitled" time="2.484" classname="denis_trening.LoginTest"/>
  <testcase name="testUntitled" time="0.396" classname="denis_trening.OpenAddWindow"/>
  <testcase name="testUntitled" time="2.607" classname="denis_trening.InsertInvalidData"/>
  <testcase name="testUntitled" time="0.477" classname="denis_trening.InsertValidData"/>
  <testcase name="testUntitled" time="1.535" classname="denis_trening.DeleteFilm"/>
  <testcase name="testUntitled" time="0.212" classname="denis_trening.Logout"/>
</testsuite> <!-- AutoQA -->
